0 info it worked if it ends with ok
1 verbose cli [ 'G:\\Program Files\\nodejs\\node.exe',
1 verbose cli   'G:\\Program Files\\nodejs\\node_modules\\npm\\bin\\npm-cli.js',
1 verbose cli   'run',
1 verbose cli   'start' ]
2 info using npm@4.0.5
3 info using node@v7.4.0
4 verbose run-script [ 'prestart', 'start', 'poststart' ]
5 info lifecycle cnode-react@1.0.0~prestart: cnode-react@1.0.0
6 silly lifecycle cnode-react@1.0.0~prestart: no script for prestart, continuing
7 info lifecycle cnode-react@1.0.0~start: cnode-react@1.0.0
8 verbose lifecycle cnode-react@1.0.0~start: unsafe-perm in lifecycle true
9 verbose lifecycle cnode-react@1.0.0~start: PATH: G:\Program Files\nodejs\node_modules\npm\bin\node-gyp-bin;F:\front_end_project\github\cnode-react\node_modules\.bin;C:\Windows\system32;C:\Windows;C:\Windows\System32\Wbem;C:\Windows\System32\WindowsPowerShell\v1.0\;C:\Program Files (x86)\NVIDIA Corporation\PhysX\Common;G:\Program Files (x86)\Brackets\command;C:\Users\~\AppData\Local\atom\bin;G:\Program Files\nodejs\;G:\Program Files\Git\cmd;C:\Users\wubai\AppData\Local\Microsoft\WindowsApps;C:\Users\wubai\AppData\Local\atom\bin;G:\Program Files (x86)\Microsoft VS Code\bin;C:\Users\wubai\AppData\Roaming\npm
10 verbose lifecycle cnode-react@1.0.0~start: CWD: F:\front_end_project\github\cnode-react
11 silly lifecycle cnode-react@1.0.0~start: Args: [ '/d /s /c',
11 silly lifecycle   'webpack-dev-server --progress --color --inline --hot -d' ]
12 silly lifecycle cnode-react@1.0.0~start: Returned: code: 3221225786  signal: null
13 info lifecycle cnode-react@1.0.0~start: Failed to exec start script
14 verbose stack Error: cnode-react@1.0.0 start: `webpack-dev-server --progress --color --inline --hot -d`
14 verbose stack Exit status 3221225786
14 verbose stack     at EventEmitter.<anonymous> (G:\Program Files\nodejs\node_modules\npm\lib\utils\lifecycle.js:279:16)
14 verbose stack     at emitTwo (events.js:106:13)
14 verbose stack     at EventEmitter.emit (events.js:191:7)
14 verbose stack     at ChildProcess.<anonymous> (G:\Program Files\nodejs\node_modules\npm\lib\utils\spawn.js:40:14)
14 verbose stack     at emitTwo (events.js:106:13)
14 verbose stack     at ChildProcess.emit (events.js:191:7)
14 verbose stack     at maybeClose (internal/child_process.js:885:16)
14 verbose stack     at Process.ChildProcess._handle.onexit (internal/child_process.js:226:5)
15 verbose pkgid cnode-react@1.0.0
16 verbose cwd F:\front_end_project\github\cnode-react
17 error Windows_NT 10.0.14393
18 error argv "G:\\Program Files\\nodejs\\node.exe" "G:\\Program Files\\nodejs\\node_modules\\npm\\bin\\npm-cli.js" "run" "start"
19 error node v7.4.0
20 error npm  v4.0.5
21 error code ELIFECYCLE
22 error cnode-react@1.0.0 start: `webpack-dev-server --progress --color --inline --hot -d`
22 error Exit status 3221225786
23 error Failed at the cnode-react@1.0.0 start script 'webpack-dev-server --progress --color --inline --hot -d'.
23 error Make sure you have the latest version of node.js and npm installed.
23 error If you do, this is most likely a problem with the cnode-react package,
23 error not with npm itself.
23 error Tell the author that this fails on your system:
23 error     webpack-dev-server --progress --color --inline --hot -d
23 error You can get information on how to open an issue for this project with:
23 error     npm bugs cnode-react
23 error Or if that isn't available, you can get their info via:
23 error     npm owner ls cnode-react
23 error There is likely additional logging output above.
24 verbose exit [ 1, true ]
